<?xml version="1.0" encoding="UTF-8"?>
<!-- Generated by org.testng.reporters.JUnitReportReporter -->
<testsuite hostname="DESKTOP-7HDVN5M" failures="0" tests="1" name="testngframework.LoginPageTest" time="13.137" errors="0" timestamp="2022-02-18T16:40:26 IST" skipped="0">
  <testcase classname="testngframework.LoginPageTest" name="ValidateLoginTest" time="13.137"/>
  <system-out/>
</testsuite> <!-- testngframework.LoginPageTest -->
