<?xml version="1.0" encoding="UTF-8"?>
<!-- Generated by org.testng.reporters.JUnitReportReporter -->
<testsuite hostname="DESKTOP-7HDVN5M" failures="0" tests="3" name="testngframework.Annotations" time="51.252" errors="0" timestamp="2022-08-24T12:46:13 IST" skipped="0">
  <testcase classname="testngframework.Annotations" name="test3" time="20.132"/>
  <system-out/>
  <testcase classname="testngframework.Annotations" name="test1" time="16.417"/>
  <system-out/>
  <testcase classname="testngframework.Annotations" name="test2" time="14.703"/>
  <system-out/>
</testsuite> <!-- testngframework.Annotations -->
