<?xml version="1.0" encoding="UTF-8"?>
<!-- Generated by org.testng.reporters.JUnitReportReporter -->
<testsuite hostname="DESKTOP-7HDVN5M" failures="0" tests="3" name="datadriventesting.HomePageTest2" time="103.510" errors="0" timestamp="2022-08-28T16:23:36 IST" skipped="0">
  <testcase classname="datadriventesting.HomePageTest2" name="ValidateAddEmpTest" time="34.375"/>
  <system-out/>
  <testcase classname="datadriventesting.HomePageTest2" name="ValidateAddEmpTest" time="34.102"/>
  <system-out/>
  <testcase classname="datadriventesting.HomePageTest2" name="ValidateAddEmpTest" time="35.033"/>
  <system-out/>
</testsuite> <!-- datadriventesting.HomePageTest2 -->
