<?xml version="1.0" encoding="UTF-8"?>
<!-- Generated by org.testng.reporters.JUnitReportReporter -->
<testsuite hostname="DESKTOP-7HDVN5M" failures="0" tests="1" name="testngframework.HomePageTest" time="19.664" errors="0" timestamp="2022-05-18T16:58:09 IST" skipped="0">
  <testcase classname="testngframework.HomePageTest" name="ValidatesearchTest" time="19.664"/>
  <system-out/>
</testsuite> <!-- testngframework.HomePageTest -->
