<?xml version="1.0" encoding="UTF-8"?>
<!-- Generated by org.testng.reporters.JUnitReportReporter -->
<testsuite hostname="DESKTOP-7HDVN5M" failures="0" tests="3" name="datadriventesting.HomePageTest" time="68.015" errors="0" timestamp="2022-09-02T18:49:09 IST" skipped="0">
  <testcase classname="datadriventesting.HomePageTest" name="ValidateAddEmpTest" time="23.941"/>
  <system-out/>
  <testcase classname="datadriventesting.HomePageTest" name="ValidateAddEmpTest" time="22.620"/>
  <system-out/>
  <testcase classname="datadriventesting.HomePageTest" name="ValidateAddEmpTest" time="21.454"/>
  <system-out/>
</testsuite> <!-- datadriventesting.HomePageTest -->
