<?xml version="1.0" encoding="UTF-8"?>
<!-- Generated by org.testng.reporters.JUnitReportReporter -->
<testsuite hostname="DESKTOP-7HDVN5M" failures="0" tests="1" name="testngframework.Dotconfigcalling" time="16.921" errors="0" timestamp="2022-03-16T16:24:21 IST" skipped="0">
  <testcase classname="testngframework.Dotconfigcalling" name="ValidateLoginTest" time="16.921"/>
  <system-out/>
</testsuite> <!-- testngframework.Dotconfigcalling -->
