<?xml version="1.0" encoding="UTF-8"?>
<!-- Generated by org.testng.reporters.JUnitReportReporter -->
<testsuite hostname="DESKTOP-7HDVN5M" failures="0" tests="2" name="testngframework.MultipleBrowserSelect43" time="32.340" errors="0" timestamp="2022-08-25T21:44:29 IST" skipped="0">
  <testcase classname="testngframework.MultipleBrowserSelect43" name="ValidateLoginTest" time="12.667"/>
  <system-out/>
  <testcase classname="testngframework.MultipleBrowserSelect43" name="ValidateLoginTest" time="19.673"/>
  <system-out/>
</testsuite> <!-- testngframework.MultipleBrowserSelect43 -->
