<?xml version="1.0" encoding="UTF-8"?>
<!-- Generated by org.testng.reporters.JUnitReportReporter -->
<testsuite hostname="DESKTOP-7HDVN5M" failures="0" tests="1" name="qa.tests.LoginPageTest" time="10.397" errors="0" timestamp="2022-09-08T20:36:59 IST" skipped="0">
  <testcase classname="qa.tests.LoginPageTest" name="validateLogoTest" time="10.397"/>
  <system-out/>
</testsuite> <!-- qa.tests.LoginPageTest -->
